<?xml version="1.0" encoding="UTF-8"?>
<testng-results ignored="0" total="4" passed="4" failed="0" skipped="0">
  <reporter-output>
  </reporter-output>
  <suite started-at="2022-12-27T21:58:59 PKT" name="Suite" finished-at="2022-12-27T21:59:00 PKT" duration-ms="85">
    <groups>
    </groups>
    <test started-at="2022-12-27T21:58:59 PKT" name="Test" finished-at="2022-12-27T21:59:00 PKT" duration-ms="85">
      <class name="paginationClass.paginationClassTest">
        <test-method signature="TestitemCount()[pri:0, instance:paginationClass.paginationClassTest@73ee04c8]" started-at="2022-12-27T21:58:59 PKT" name="TestitemCount" finished-at="2022-12-27T21:58:59 PKT" duration-ms="17" status="PASS">
          <reporter-output>
          </reporter-output>
        </test-method> <!-- TestitemCount -->
        <test-method signature="TestpageCount()[pri:0, instance:paginationClass.paginationClassTest@73ee04c8]" started-at="2022-12-27T21:58:59 PKT" name="TestpageCount" finished-at="2022-12-27T21:58:59 PKT" duration-ms="1" status="PASS">
          <reporter-output>
          </reporter-output>
        </test-method> <!-- TestpageCount -->
        <test-method signature="TestpageIndex()[pri:0, instance:paginationClass.paginationClassTest@73ee04c8]" started-at="2022-12-27T21:58:59 PKT" name="TestpageIndex" finished-at="2022-12-27T21:58:59 PKT" duration-ms="2" status="PASS">
          <reporter-output>
          </reporter-output>
        </test-method> <!-- TestpageIndex -->
        <test-method signature="TestpageItemCount()[pri:0, instance:paginationClass.paginationClassTest@73ee04c8]" started-at="2022-12-27T21:58:59 PKT" name="TestpageItemCount" finished-at="2022-12-27T21:58:59 PKT" duration-ms="2" status="PASS">
          <reporter-output>
          </reporter-output>
        </test-method> <!-- TestpageItemCount -->
      </class> <!-- paginationClass.paginationClassTest -->
    </test> <!-- Test -->
  </suite> <!-- Suite -->
</testng-results>
