<?xml version="1.0" encoding="UTF-8"?>
<!-- Generated by org.testng.reporters.JUnitXMLReporter -->
<testsuite ignored="0" hostname="Abdul-Aziz" failures="0" tests="4" name="Test" time="0.085" errors="0" timestamp="2022-12-27T21:59:00 PKT">
  <testcase classname="paginationClass.paginationClassTest" name="TestitemCount" time="0.017"/>
  <testcase classname="paginationClass.paginationClassTest" name="TestpageCount" time="0.001"/>
  <testcase classname="paginationClass.paginationClassTest" name="TestpageIndex" time="0.002"/>
  <testcase classname="paginationClass.paginationClassTest" name="TestpageItemCount" time="0.002"/>
</testsuite> <!-- Test -->
